<?xml version="1.0" encoding="UTF-8"?>
<!-- Generated by org.testng.reporters.JUnitReportReporter -->
<testsuite hostname="INSWL-H610373" name="Tests.SimpleTest" tests="1" failures="0" timestamp="20 Feb 2021 04:18:35 GMT" time="4.597" errors="0">
  <testcase name="applyAsDeveloper" time="4.597" classname="Tests.SimpleTest"/>
</testsuite> <!-- Tests.SimpleTest -->
