<?xml version="1.0" encoding="UTF-8"?>
<!-- Generated by org.testng.reporters.JUnitReportReporter -->
<testsuite hostname="INSWL-H610373" name="Tests.SimpleTest" tests="1" failures="0" timestamp="1 Feb 2021 13:43:21 GMT" time="5.430" errors="0">
  <testcase name="applyAsDeveloper" time="5.430" classname="Tests.SimpleTest"/>
</testsuite> <!-- Tests.SimpleTest -->
